<?xml version="1.0" encoding="UTF-8"?>
<!-- Generated by org.testng.reporters.JUnitReportReporter -->
<testsuite skipped="0" hostname="Igors-MBP" name="TestNG.TestNGGrouping" tests="2" failures="0" timestamp="01 May 2017 03:43:01 GMT" time="45.812" errors="0">
  <testcase name="InvalidEmail" time="22.443" classname="TestNG.TestNGGrouping"/>
  <testcase name="BlankFields" time="23.369" classname="TestNG.TestNGGrouping"/>
</testsuite> <!-- TestNG.TestNGGrouping -->
