<?xml version="1.0" encoding="UTF-8"?>
<!-- Generated by org.testng.reporters.JUnitReportReporter -->
<testsuite skipped="4" hostname="Igors-MacBook-Pro.local" name="TestNGL3HW2.ByTestNG" tests="10" failures="0" timestamp="11 May 2017 21:39:56 GMT" time="17.522" errors="0">
  <testcase name="login" time="7.457" classname="TestNGL3HW2.ByTestNG"/>
  <testcase name="test1" time="1.950" classname="TestNGL3HW2.ByTestNG"/>
  <testcase name="test2" time="0.738" classname="TestNGL3HW2.ByTestNG"/>
  <testcase name="test3" time="0.295" classname="TestNGL3HW2.ByTestNG"/>
  <testcase name="test4" time="6.663" classname="TestNGL3HW2.ByTestNG"/>
  <testcase name="test5" time="0.419" classname="TestNGL3HW2.ByTestNG"/>
  <testcase name="test7" classname="TestNGL3HW2.ByTestNG">
    <skipped/>
  </testcase> <!-- test7 -->
  <testcase name="test8" classname="TestNGL3HW2.ByTestNG">
    <skipped/>
  </testcase> <!-- test8 -->
  <testcase name="test9" classname="TestNGL3HW2.ByTestNG">
    <skipped/>
  </testcase> <!-- test9 -->
  <testcase name="test6" classname="TestNGL3HW2.ByTestNG">
    <skipped/>
  </testcase> <!-- test6 -->
</testsuite> <!-- TestNGL3HW2.ByTestNG -->
